{"E:\\NODEJS\\fastify-api\\src\\repositories\\event.repository.ts": {"path":"E:\\NODEJS\\fastify-api\\src\\repositories\\event.repository.ts","statementMap":{"0":{"start":{"line":1,"column":0},"end":{"line":1,"column":34}},"1":{"start":{"line":3,"column":0},"end":{"line":3,"column":73}},"2":{"start":{"line":6,"column":64},"end":{"line":6,"column":73}},"3":{"start":{"line":7,"column":14},"end":{"line":7,"column":30}},"4":{"start":{"line":8,"column":15},"end":{"line":8,"column":136}},"5":{"start":{"line":10,"column":16},"end":{"line":10,"column":36}},"6":{"start":{"line":12,"column":1},"end":{"line":30,"column":2}},"7":{"start":{"line":13,"column":2},"end":{"line":13,"column":30}},"8":{"start":{"line":14,"column":17},"end":{"line":21,"column":4}},"9":{"start":{"line":23,"column":2},"end":{"line":23,"column":31}},"10":{"start":{"line":24,"column":2},"end":{"line":24,"column":24}},"11":{"start":{"line":26,"column":2},"end":{"line":26,"column":33}},"12":{"start":{"line":27,"column":2},"end":{"line":27,"column":14}},"13":{"start":{"line":29,"column":2},"end":{"line":29,"column":19}},"14":{"start":{"line":5,"column":0},"end":{"line":5,"column":22}},"15":{"start":{"line":34,"column":64},"end":{"line":34,"column":73}},"16":{"start":{"line":35,"column":14},"end":{"line":35,"column":27}},"17":{"start":{"line":36,"column":15},"end":{"line":36,"column":258}},"18":{"start":{"line":38,"column":16},"end":{"line":38,"column":36}},"19":{"start":{"line":40,"column":1},"end":{"line":58,"column":2}},"20":{"start":{"line":41,"column":2},"end":{"line":41,"column":30}},"21":{"start":{"line":42,"column":17},"end":{"line":49,"column":4}},"22":{"start":{"line":51,"column":2},"end":{"line":51,"column":31}},"23":{"start":{"line":52,"column":2},"end":{"line":52,"column":24}},"24":{"start":{"line":54,"column":2},"end":{"line":54,"column":33}},"25":{"start":{"line":55,"column":2},"end":{"line":55,"column":14}},"26":{"start":{"line":57,"column":2},"end":{"line":57,"column":19}},"27":{"start":{"line":33,"column":0},"end":{"line":33,"column":22}},"28":{"start":{"line":62,"column":14},"end":{"line":62,"column":27}},"29":{"start":{"line":63,"column":15},"end":{"line":63,"column":61}},"30":{"start":{"line":65,"column":16},"end":{"line":65,"column":36}},"31":{"start":{"line":67,"column":1},"end":{"line":78,"column":2}},"32":{"start":{"line":68,"column":2},"end":{"line":68,"column":30}},"33":{"start":{"line":69,"column":17},"end":{"line":69,"column":50}},"34":{"start":{"line":71,"column":2},"end":{"line":71,"column":31}},"35":{"start":{"line":72,"column":2},"end":{"line":72,"column":24}},"36":{"start":{"line":74,"column":2},"end":{"line":74,"column":33}},"37":{"start":{"line":75,"column":2},"end":{"line":75,"column":14}},"38":{"start":{"line":77,"column":2},"end":{"line":77,"column":19}},"39":{"start":{"line":61,"column":0},"end":{"line":61,"column":22}},"40":{"start":{"line":82,"column":14},"end":{"line":82,"column":27}},"41":{"start":{"line":83,"column":15},"end":{"line":83,"column":51}},"42":{"start":{"line":84,"column":16},"end":{"line":84,"column":47}},"43":{"start":{"line":85,"column":1},"end":{"line":85,"column":23}},"44":{"start":{"line":81,"column":0},"end":{"line":81,"column":22}},"45":{"start":{"line":89,"column":15},"end":{"line":89,"column":37}},"46":{"start":{"line":90,"column":16},"end":{"line":90,"column":39}},"47":{"start":{"line":91,"column":1},"end":{"line":91,"column":20}},"48":{"start":{"line":88,"column":0},"end":{"line":88,"column":22}}},"fnMap":{"0":{"name":"createEvent","decl":{"start":{"line":5,"column":22},"end":{"line":5,"column":33}},"loc":{"start":{"line":5,"column":55},"end":{"line":31,"column":null}}},"1":{"name":"updateEvent","decl":{"start":{"line":33,"column":22},"end":{"line":33,"column":33}},"loc":{"start":{"line":33,"column":67},"end":{"line":59,"column":null}}},"2":{"name":"deleteEvent","decl":{"start":{"line":61,"column":22},"end":{"line":61,"column":33}},"loc":{"start":{"line":61,"column":44},"end":{"line":79,"column":null}}},"3":{"name":"findEventById","decl":{"start":{"line":81,"column":22},"end":{"line":81,"column":35}},"loc":{"start":{"line":81,"column":46},"end":{"line":86,"column":null}}},"4":{"name":"getEvents","decl":{"start":{"line":88,"column":22},"end":{"line":88,"column":31}},"loc":{"start":{"line":88,"column":31},"end":{"line":92,"column":null}}}},"branchMap":{},"s":{"0":1,"1":1,"2":4,"3":4,"4":4,"5":4,"6":4,"7":4,"8":3,"9":2,"10":2,"11":2,"12":1,"13":4,"14":1,"15":0,"16":0,"17":0,"18":0,"19":0,"20":0,"21":0,"22":0,"23":0,"24":0,"25":0,"26":0,"27":1,"28":0,"29":0,"30":0,"31":0,"32":0,"33":0,"34":0,"35":0,"36":0,"37":0,"38":0,"39":1,"40":0,"41":0,"42":0,"43":0,"44":1,"45":0,"46":0,"47":0,"48":1},"f":{"0":4,"1":0,"2":0,"3":0,"4":0},"b":{}}
}
