TN:
SF:src\repositories\event.repository.ts
FN:5,createEvent
FN:33,updateEvent
FN:61,deleteEvent
FN:81,findEventById
FN:88,getEvents
FNF:5
FNH:1
FNDA:4,createEvent
FNDA:0,updateEvent
FNDA:0,deleteEvent
FNDA:0,findEventById
FNDA:0,getEvents
DA:1,1
DA:3,1
DA:5,1
DA:6,4
DA:7,4
DA:8,4
DA:10,4
DA:12,4
DA:13,4
DA:14,3
DA:23,2
DA:24,2
DA:26,2
DA:27,1
DA:29,4
DA:33,1
DA:34,0
DA:35,0
DA:36,0
DA:38,0
DA:40,0
DA:41,0
DA:42,0
DA:51,0
DA:52,0
DA:54,0
DA:55,0
DA:57,0
DA:61,1
DA:62,0
DA:63,0
DA:65,0
DA:67,0
DA:68,0
DA:69,0
DA:71,0
DA:72,0
DA:74,0
DA:75,0
DA:77,0
DA:81,1
DA:82,0
DA:83,0
DA:84,0
DA:85,0
DA:88,1
DA:89,0
DA:90,0
DA:91,0
LF:49
LH:19
BRF:0
BRH:0
end_of_record
